<?xml version="1.0" encoding="UTF-8"?>
<testng-results skipped="0" failed="0" ignored="0" total="1" passed="1">
  <reporter-output>
  </reporter-output>
  <suite name="Default suite" duration-ms="7022" started-at="2019-02-07T17:16:21Z" finished-at="2019-02-07T17:16:28Z">
    <groups>
    </groups>
    <test name="Default test" duration-ms="7022" started-at="2019-02-07T17:16:21Z" finished-at="2019-02-07T17:16:28Z">
      <class name="testCases.LoginApplication">
        <test-method status="PASS" signature="getLogin()[pri:0, instance:testCases.LoginApplication@7ac7a4e4]" name="getLogin" duration-ms="6994" started-at="2019-02-07T17:16:21Z" finished-at="2019-02-07T17:16:28Z">
          <reporter-output>
          </reporter-output>
        </test-method> <!-- getLogin -->
      </class> <!-- testCases.LoginApplication -->
    </test> <!-- Default test -->
  </suite> <!-- Default suite -->
</testng-results>
